+-----------------------------------------------------------------------------+
¦  Organoid Analyst                                                           ¦
¦  1.0.1                                                                      ¦
¦  27 October 2020                                                            ¦
¦  15:35                                                                      ¦
¦                                                                             ¦
¦  Analysis Settings                                                          ¦
+-----------------------------------------------------------------------------+


  Raw data folder: C:/FIS/demo_dataset/05-images_analysis/demoplate_01--ij
  Results folder:  C:/FIS/demo_dataset/05-images_analysis/demoplate_01--ij--analysis


+-----------------------------------------------------------------------------+
|  SAVED FILES                                                                |
+-----------------------------------------------------------------------------+
  Table (raw data)                                  ¦  C:/FIS/demo_dataset/05-images_analysis/demoplate_01--ij--analysis/FIS_rawdata.csv
  Table (normalized data)                           ¦  C:/FIS/demo_dataset/05-images_analysis/demoplate_01--ij--analysis/FIS_normalized.xlsx
  Table (summarized data)                           ¦  C:/FIS/demo_dataset/05-images_analysis/demoplate_01--ij--analysis/FIS_summary_60min.xlsx
  Plot (plate overview)                             ¦  C:/FIS/demo_dataset/05-images_analysis/demoplate_01--ij--analysis/plot_overview.png
  Plot (titration: AUC)                             ¦  C:/FIS/demo_dataset/05-images_analysis/demoplate_01--ij--analysis/plot_titration_AUC_60min.png
  Plot (initial swelling rate)                      ¦  C:/FIS/demo_dataset/05-images_analysis/demoplate_01--ij--analysis/plot_initialswellingrate_60min.png
  Plot (AUC)                                        ¦  C:/FIS/demo_dataset/05-images_analysis/demoplate_01--ij--analysis/plot_AUC_60min.png
  Plot (At/A0)                                      ¦  C:/FIS/demo_dataset/05-images_analysis/demoplate_01--ij--analysis/plot_AtA0_60min.png
  Analysis settings (this file)                     ¦  C:/FIS/demo_dataset/05-images_analysis/demoplate_01--ij--analysis/FISanalysis_27-10-20_15-35.log


+-----------------------------------------------------------------------------+
|  EXPERIMENT SETTINGS                                                        |
+-----------------------------------------------------------------------------+
  Time resolution (minutes per timepoint)           ¦  10
  Name of the column with AREA values               ¦  Math_area_micronsq
  Name of the column with TIME values               ¦  Metadata_timeNum
  Name of the column with WELL values               ¦  Metadata_wellNum
  Name of the column with COMPOUND names            ¦  Metadata_compound
  Name of the column with CONCENTRATION values      ¦  Metadata_concentration
  Number of rows                                    ¦  8
  Number of columns                                 ¦  12


+-----------------------------------------------------------------------------+
|  QUALITY CONTROL SETTINGS                                                   |
+-----------------------------------------------------------------------------+
  Wells excluded from analysis                      ¦  
  Name of the column with organoid ID               ¦  TrackObjects_Label
  ID of invalid organoids                           ¦  Allow all organoids
  Name of the column with organoid center (X)       ¦  AreaShape_Center_X
  Name of the column with organoid center (Y)       ¦  AreaShape_Center_Y


+-----------------------------------------------------------------------------+
|  SEGMENTATION MASK SETTINGS                                                 |
+-----------------------------------------------------------------------------+
  Generate segmentation masks?                      ¦  TRUE
  Example raw image file name                       ¦  C:\FIS\demo_dataset\03-images_renamed\demoplate_01\W0001--fsk--0.008\P001--fsk--0.008/demoplate_01--fsk--0.008--W0001--P001--T0000--C00.tif
  Example raw image file name (after remapping)     ¦  C:/FIS/demo_dataset/03-images_renamed/demoplate_01/W0001--fsk--0.008/P001--fsk--0.008/demoplate_01--fsk--0.008--W0001--P001--T0000--C00.tif
  Correct remapping of raw image files?             ¦  TRUE
  Suffix of raw image files                         ¦  .tif
  Example CellProfiler/IJ mask file name            ¦  C:/FIS/demo_dataset/05-images_analysis/demoplate_01--ij/W0001--fsk--0.008/P001--fsk--0.008/demoplate_01--fsk--0.008--W0001--P001--T0000--C00--masks.tif
  Correct remapping of CellProfiler/IJ mask files?  ¦  TRUE
  Example Organoid Analyst mask file name           ¦  C:/FIS/demo_dataset/05-images_analysis/demoplate_01--ij/W0001--fsk--0.008/P001--fsk--0.008/demoplate_01--fsk--0.008--W0001--P001--T0000--C00--OAmask.png
  Example Organoid Analyst labels file name         ¦  C:/FIS/demo_dataset/05-images_analysis/demoplate_01--ij/W0001--fsk--0.008/P001--fsk--0.008/demoplate_01--fsk--0.008--W0001--P001--T0000--C00--OAlabel.png


+-----------------------------------------------------------------------------+
|  PLOTTING SETTINGS                                                          |
+-----------------------------------------------------------------------------+
  Initial time points                               ¦  10 ~ 30
  Final experiment time                             ¦  60


+-----------------------------------------------------------------------------+
|  ANALYZED WELLS                                                             |
+-----------------------------------------------------------------------------+
  Number of used wells (before QC)                  ¦  64
  Number of compounds (before QC)                   ¦  4
  Number of treatments (before QC)                  ¦  32
  --------------------------------------------------+-------------------------
  Number of used wells (after QC)                   ¦  64
  Number of compounds (after QC)                    ¦  4
  Number of treatments (after QC)                   ¦  32
